<?xml version="1.0" encoding="UTF-8"?>
<!-- Generated by org.testng.reporters.JUnitReportReporter -->
<testsuite hostname="user1" failures="0" tests="1" name="test.TestActitimeValidLogin" time="4.495" errors="0" timestamp="2022-12-07T18:15:53 IST" skipped="0">
  <testcase classname="test.TestActitimeValidLogin" name="testValidLogin" time="4.495"/>
  <system-out>
    <![CDATA[the test has been started]]>
  </system-out>
</testsuite> <!-- test.TestActitimeValidLogin -->
