<?xml version="1.0" encoding="UTF-8"?>
<!-- Generated by org.testng.reporters.JUnitReportReporter -->
<testsuite hostname="user1" failures="0" tests="1" name="test.TestActitimeLogout" time="5.650" errors="0" timestamp="2022-12-07T18:15:53 IST" skipped="0">
  <testcase classname="test.TestActitimeLogout" name="logOut" time="5.650"/>
  <system-out>
    <![CDATA[the test has been started]]>
  </system-out>
</testsuite> <!-- test.TestActitimeLogout -->
